{"/home/niveus/Documents/node2/app.js": {"path":"/home/niveus/Documents/node2/app.js","statementMap":{"0":{"start":{"line":1,"column":14},"end":{"line":1,"column":32}},"1":{"start":{"line":2,"column":18},"end":{"line":2,"column":40}},"2":{"start":{"line":3,"column":12},"end":{"line":3,"column":21}},"3":{"start":{"line":4,"column":10},"end":{"line":4,"column":29}},"4":{"start":{"line":5,"column":13},"end":{"line":5,"column":32}},"5":{"start":{"line":6,"column":17},"end":{"line":6,"column":36}},"6":{"start":{"line":7,"column":19},"end":{"line":7,"column":43}},"7":{"start":{"line":8,"column":16},"end":{"line":8,"column":45}},"8":{"start":{"line":11,"column":0},"end":{"line":11,"column":27}},"9":{"start":{"line":12,"column":0},"end":{"line":12,"column":24}},"10":{"start":{"line":13,"column":0},"end":{"line":13,"column":47}},"11":{"start":{"line":16,"column":0},"end":{"line":22,"column":2}},"12":{"start":{"line":17,"column":4},"end":{"line":21,"column":5}},"13":{"start":{"line":18,"column":8},"end":{"line":18,"column":21}},"14":{"start":{"line":20,"column":8},"end":{"line":20,"column":20}},"15":{"start":{"line":24,"column":15},"end":{"line":36,"column":1}},"16":{"start":{"line":38,"column":20},"end":{"line":38,"column":41}},"17":{"start":{"line":39,"column":0},"end":{"line":39,"column":67}},"18":{"start":{"line":91,"column":0},"end":{"line":95,"column":32}},"19":{"start":{"line":178,"column":0},"end":{"line":181,"column":37}},"20":{"start":{"line":194,"column":0},"end":{"line":196,"column":2}},"21":{"start":{"line":195,"column":4},"end":{"line":195,"column":49}},"22":{"start":{"line":200,"column":0},"end":{"line":202,"column":6}},"23":{"start":{"line":201,"column":8},"end":{"line":201,"column":42}},"24":{"start":{"line":206,"column":0},"end":{"line":206,"column":39}}},"fnMap":{"0":{"name":"(anonymous_0)","decl":{"start":{"line":16,"column":19},"end":{"line":16,"column":20}},"loc":{"start":{"line":16,"column":34},"end":{"line":22,"column":1}},"line":16},"1":{"name":"(anonymous_1)","decl":{"start":{"line":194,"column":12},"end":{"line":194,"column":13}},"loc":{"start":{"line":194,"column":23},"end":{"line":196,"column":1}},"line":194},"2":{"name":"(anonymous_2)","decl":{"start":{"line":200,"column":16},"end":{"line":200,"column":17}},"loc":{"start":{"line":200,"column":20},"end":{"line":202,"column":5}},"line":200}},"branchMap":{"0":{"loc":{"start":{"line":17,"column":4},"end":{"line":21,"column":5}},"type":"if","locations":[{"start":{"line":17,"column":4},"end":{"line":21,"column":5}},{"start":{"line":19,"column":11},"end":{"line":21,"column":5}}],"line":17},"1":{"loc":{"start":{"line":17,"column":8},"end":{"line":17,"column":58}},"type":"binary-expr","locations":[{"start":{"line":17,"column":8},"end":{"line":17,"column":31}},{"start":{"line":17,"column":35},"end":{"line":17,"column":58}}],"line":17}},"s":{"0":1,"1":1,"2":1,"3":1,"4":1,"5":1,"6":1,"7":1,"8":1,"9":1,"10":1,"11":1,"12":2,"13":1,"14":1,"15":1,"16":1,"17":1,"18":1,"19":1,"20":1,"21":1,"22":1,"23":1,"24":1},"f":{"0":2,"1":1,"2":1},"b":{"0":[1,1],"1":[2,2]},"_coverageSchema":"1a1c01bbd47fc00a2c39e90264f33305004495a9","hash":"51bf76f3d3b9818f7d202818615730ec4a7f1b93"}
,"/home/niveus/Documents/node2/logger.js": {"path":"/home/niveus/Documents/node2/logger.js","statementMap":{"0":{"start":{"line":1,"column":40},"end":{"line":1,"column":58}},"1":{"start":{"line":3,"column":14},"end":{"line":13,"column":2}},"2":{"start":{"line":15,"column":0},"end":{"line":15,"column":23}}},"fnMap":{},"branchMap":{},"s":{"0":1,"1":1,"2":1},"f":{},"b":{},"_coverageSchema":"1a1c01bbd47fc00a2c39e90264f33305004495a9","hash":"99eefad4b4385fe91c573ea5ea467e37c67d51d7"}
,"/home/niveus/Documents/node2/routes.js": {"path":"/home/niveus/Documents/node2/routes.js","statementMap":{"0":{"start":{"line":2,"column":17},"end":{"line":2,"column":36}},"1":{"start":{"line":5,"column":10},"end":{"line":5,"column":29}},"2":{"start":{"line":6,"column":13},"end":{"line":6,"column":32}},"3":{"start":{"line":10,"column":0},"end":{"line":14,"column":50}},"4":{"start":{"line":14,"column":11},"end":{"line":14,"column":49}},"5":{"start":{"line":17,"column":17},"end":{"line":19,"column":2}},"6":{"start":{"line":21,"column":11},"end":{"line":21,"column":48}},"7":{"start":{"line":27,"column":0},"end":{"line":33,"column":1}},"8":{"start":{"line":28,"column":4},"end":{"line":28,"column":32}},"9":{"start":{"line":29,"column":4},"end":{"line":32,"column":6}},"10":{"start":{"line":30,"column":8},"end":{"line":30,"column":44}},"11":{"start":{"line":31,"column":8},"end":{"line":31,"column":42}},"12":{"start":{"line":37,"column":0},"end":{"line":49,"column":1}},"13":{"start":{"line":38,"column":4},"end":{"line":38,"column":67}},"14":{"start":{"line":39,"column":4},"end":{"line":47,"column":5}},"15":{"start":{"line":40,"column":8},"end":{"line":40,"column":50}},"16":{"start":{"line":43,"column":20},"end":{"line":43,"column":47}},"17":{"start":{"line":45,"column":8},"end":{"line":45,"column":44}},"18":{"start":{"line":46,"column":8},"end":{"line":46,"column":39}},"19":{"start":{"line":52,"column":0},"end":{"line":60,"column":1}},"20":{"start":{"line":53,"column":4},"end":{"line":53,"column":57}},"21":{"start":{"line":55,"column":4},"end":{"line":59,"column":6}},"22":{"start":{"line":57,"column":8},"end":{"line":57,"column":44}},"23":{"start":{"line":58,"column":8},"end":{"line":58,"column":42}},"24":{"start":{"line":66,"column":0},"end":{"line":81,"column":1}},"25":{"start":{"line":67,"column":4},"end":{"line":67,"column":70}},"26":{"start":{"line":69,"column":4},"end":{"line":79,"column":10}},"27":{"start":{"line":74,"column":25},"end":{"line":74,"column":29}},"28":{"start":{"line":75,"column":20},"end":{"line":77,"column":21}},"29":{"start":{"line":76,"column":24},"end":{"line":76,"column":33}},"30":{"start":{"line":76,"column":28},"end":{"line":76,"column":33}},"31":{"start":{"line":78,"column":16},"end":{"line":78,"column":40}},"32":{"start":{"line":85,"column":0},"end":{"line":105,"column":1}},"33":{"start":{"line":86,"column":4},"end":{"line":86,"column":44}},"34":{"start":{"line":88,"column":4},"end":{"line":99,"column":41}},"35":{"start":{"line":93,"column":25},"end":{"line":93,"column":29}},"36":{"start":{"line":94,"column":20},"end":{"line":96,"column":21}},"37":{"start":{"line":95,"column":24},"end":{"line":95,"column":33}},"38":{"start":{"line":95,"column":28},"end":{"line":95,"column":33}},"39":{"start":{"line":97,"column":16},"end":{"line":97,"column":59}},"40":{"start":{"line":99,"column":22},"end":{"line":99,"column":40}},"41":{"start":{"line":110,"column":0},"end":{"line":138,"column":1}},"42":{"start":{"line":114,"column":4},"end":{"line":114,"column":69}},"43":{"start":{"line":115,"column":4},"end":{"line":137,"column":9}},"44":{"start":{"line":128,"column":12},"end":{"line":134,"column":13}},"45":{"start":{"line":128,"column":21},"end":{"line":128,"column":54}},"46":{"start":{"line":130,"column":20},"end":{"line":130,"column":68}},"47":{"start":{"line":131,"column":20},"end":{"line":131,"column":56}},"48":{"start":{"line":133,"column":20},"end":{"line":133,"column":44}},"49":{"start":{"line":144,"column":0},"end":{"line":162,"column":1}},"50":{"start":{"line":145,"column":4},"end":{"line":145,"column":43}},"51":{"start":{"line":146,"column":4},"end":{"line":161,"column":41}},"52":{"start":{"line":159,"column":12},"end":{"line":159,"column":37}},"53":{"start":{"line":161,"column":22},"end":{"line":161,"column":40}}},"fnMap":{"0":{"name":"(anonymous_0)","decl":{"start":{"line":14,"column":6},"end":{"line":14,"column":7}},"loc":{"start":{"line":14,"column":11},"end":{"line":14,"column":49}},"line":14},"1":{"name":"(anonymous_1)","decl":{"start":{"line":27,"column":26},"end":{"line":27,"column":27}},"loc":{"start":{"line":27,"column":40},"end":{"line":33,"column":1}},"line":27},"2":{"name":"(anonymous_2)","decl":{"start":{"line":29,"column":21},"end":{"line":29,"column":22}},"loc":{"start":{"line":29,"column":32},"end":{"line":32,"column":5}},"line":29},"3":{"name":"(anonymous_3)","decl":{"start":{"line":37,"column":27},"end":{"line":37,"column":28}},"loc":{"start":{"line":37,"column":47},"end":{"line":49,"column":1}},"line":37},"4":{"name":"(anonymous_4)","decl":{"start":{"line":52,"column":25},"end":{"line":52,"column":26}},"loc":{"start":{"line":52,"column":39},"end":{"line":60,"column":1}},"line":52},"5":{"name":"(anonymous_5)","decl":{"start":{"line":55,"column":31},"end":{"line":55,"column":32}},"loc":{"start":{"line":55,"column":42},"end":{"line":59,"column":5}},"line":55},"6":{"name":"(anonymous_6)","decl":{"start":{"line":66,"column":28},"end":{"line":66,"column":29}},"loc":{"start":{"line":66,"column":48},"end":{"line":81,"column":1}},"line":66},"7":{"name":"(anonymous_7)","decl":{"start":{"line":72,"column":16},"end":{"line":72,"column":17}},"loc":{"start":{"line":72,"column":25},"end":{"line":79,"column":9}},"line":72},"8":{"name":"(anonymous_8)","decl":{"start":{"line":85,"column":34},"end":{"line":85,"column":35}},"loc":{"start":{"line":85,"column":54},"end":{"line":105,"column":1}},"line":85},"9":{"name":"(anonymous_9)","decl":{"start":{"line":91,"column":16},"end":{"line":91,"column":17}},"loc":{"start":{"line":91,"column":25},"end":{"line":98,"column":9}},"line":91},"10":{"name":"(anonymous_10)","decl":{"start":{"line":99,"column":15},"end":{"line":99,"column":16}},"loc":{"start":{"line":99,"column":22},"end":{"line":99,"column":40}},"line":99},"11":{"name":"(anonymous_11)","decl":{"start":{"line":110,"column":28},"end":{"line":110,"column":29}},"loc":{"start":{"line":110,"column":48},"end":{"line":138,"column":1}},"line":110},"12":{"name":"(anonymous_12)","decl":{"start":{"line":126,"column":11},"end":{"line":126,"column":12}},"loc":{"start":{"line":126,"column":28},"end":{"line":136,"column":9}},"line":126},"13":{"name":"(anonymous_13)","decl":{"start":{"line":144,"column":34},"end":{"line":144,"column":35}},"loc":{"start":{"line":144,"column":54},"end":{"line":162,"column":1}},"line":144},"14":{"name":"(anonymous_14)","decl":{"start":{"line":157,"column":16},"end":{"line":157,"column":17}},"loc":{"start":{"line":157,"column":25},"end":{"line":160,"column":9}},"line":157},"15":{"name":"(anonymous_15)","decl":{"start":{"line":161,"column":15},"end":{"line":161,"column":16}},"loc":{"start":{"line":161,"column":22},"end":{"line":161,"column":40}},"line":161}},"branchMap":{"0":{"loc":{"start":{"line":39,"column":4},"end":{"line":47,"column":5}},"type":"if","locations":[{"start":{"line":39,"column":4},"end":{"line":47,"column":5}},{"start":{"line":42,"column":8},"end":{"line":47,"column":5}}],"line":39},"1":{"loc":{"start":{"line":75,"column":20},"end":{"line":77,"column":21}},"type":"if","locations":[{"start":{"line":75,"column":20},"end":{"line":77,"column":21}},{"start":{},"end":{}}],"line":75},"2":{"loc":{"start":{"line":94,"column":20},"end":{"line":96,"column":21}},"type":"if","locations":[{"start":{"line":94,"column":20},"end":{"line":96,"column":21}},{"start":{},"end":{}}],"line":94},"3":{"loc":{"start":{"line":128,"column":12},"end":{"line":134,"column":13}},"type":"if","locations":[{"start":{"line":128,"column":12},"end":{"line":134,"column":13}},{"start":{"line":129,"column":16},"end":{"line":134,"column":13}}],"line":128}},"s":{"0":1,"1":1,"2":1,"3":1,"4":0,"5":1,"6":1,"7":1,"8":1,"9":1,"10":0,"11":0,"12":1,"13":2,"14":2,"15":0,"16":2,"17":0,"18":0,"19":1,"20":2,"21":2,"22":0,"23":0,"24":1,"25":0,"26":0,"27":0,"28":0,"29":0,"30":0,"31":0,"32":1,"33":0,"34":0,"35":0,"36":0,"37":0,"38":0,"39":0,"40":0,"41":1,"42":1,"43":1,"44":1,"45":1,"46":0,"47":0,"48":0,"49":1,"50":0,"51":0,"52":0,"53":0},"f":{"0":0,"1":1,"2":0,"3":2,"4":2,"5":0,"6":0,"7":0,"8":0,"9":0,"10":0,"11":1,"12":1,"13":0,"14":0,"15":0},"b":{"0":[0,2],"1":[0,0],"2":[0,0],"3":[1,0]},"_coverageSchema":"1a1c01bbd47fc00a2c39e90264f33305004495a9","hash":"c40e4869340b69fc519781d8fe99058dcede55b3"}
,"/home/niveus/Documents/node2/secret.js": {"path":"/home/niveus/Documents/node2/secret.js","statementMap":{"0":{"start":{"line":1,"column":13},"end":{"line":1,"column":30}},"1":{"start":{"line":4,"column":0},"end":{"line":4,"column":37}},"2":{"start":{"line":5,"column":11},"end":{"line":5,"column":31}},"3":{"start":{"line":7,"column":0},"end":{"line":7,"column":20}}},"fnMap":{},"branchMap":{},"s":{"0":1,"1":1,"2":1,"3":1},"f":{},"b":{},"_coverageSchema":"1a1c01bbd47fc00a2c39e90264f33305004495a9","hash":"68a30089bbaea96e346f4b2fe09db1c2e7d7be03"}
}
