{"/home/niveus/Documents/node3/app.js": {"path":"/home/niveus/Documents/node3/app.js","statementMap":{"0":{"start":{"line":1,"column":14},"end":{"line":1,"column":32}},"1":{"start":{"line":2,"column":18},"end":{"line":2,"column":40}},"2":{"start":{"line":3,"column":12},"end":{"line":3,"column":21}},"3":{"start":{"line":4,"column":10},"end":{"line":4,"column":29}},"4":{"start":{"line":5,"column":13},"end":{"line":5,"column":32}},"5":{"start":{"line":6,"column":17},"end":{"line":6,"column":36}},"6":{"start":{"line":7,"column":19},"end":{"line":7,"column":43}},"7":{"start":{"line":8,"column":16},"end":{"line":8,"column":45}},"8":{"start":{"line":11,"column":0},"end":{"line":11,"column":27}},"9":{"start":{"line":12,"column":0},"end":{"line":12,"column":24}},"10":{"start":{"line":13,"column":0},"end":{"line":13,"column":47}},"11":{"start":{"line":16,"column":0},"end":{"line":22,"column":2}},"12":{"start":{"line":17,"column":4},"end":{"line":21,"column":5}},"13":{"start":{"line":18,"column":8},"end":{"line":18,"column":21}},"14":{"start":{"line":20,"column":8},"end":{"line":20,"column":20}},"15":{"start":{"line":24,"column":15},"end":{"line":36,"column":1}},"16":{"start":{"line":38,"column":20},"end":{"line":38,"column":41}},"17":{"start":{"line":39,"column":0},"end":{"line":39,"column":67}},"18":{"start":{"line":91,"column":0},"end":{"line":95,"column":32}},"19":{"start":{"line":178,"column":0},"end":{"line":181,"column":37}},"20":{"start":{"line":194,"column":0},"end":{"line":196,"column":2}},"21":{"start":{"line":195,"column":4},"end":{"line":195,"column":49}},"22":{"start":{"line":200,"column":0},"end":{"line":202,"column":6}},"23":{"start":{"line":201,"column":8},"end":{"line":201,"column":47}},"24":{"start":{"line":206,"column":0},"end":{"line":206,"column":39}}},"fnMap":{"0":{"name":"(anonymous_0)","decl":{"start":{"line":16,"column":19},"end":{"line":16,"column":20}},"loc":{"start":{"line":16,"column":34},"end":{"line":22,"column":1}},"line":16},"1":{"name":"(anonymous_1)","decl":{"start":{"line":194,"column":12},"end":{"line":194,"column":13}},"loc":{"start":{"line":194,"column":23},"end":{"line":196,"column":1}},"line":194},"2":{"name":"(anonymous_2)","decl":{"start":{"line":200,"column":16},"end":{"line":200,"column":17}},"loc":{"start":{"line":200,"column":20},"end":{"line":202,"column":5}},"line":200}},"branchMap":{"0":{"loc":{"start":{"line":17,"column":4},"end":{"line":21,"column":5}},"type":"if","locations":[{"start":{"line":17,"column":4},"end":{"line":21,"column":5}},{"start":{"line":19,"column":11},"end":{"line":21,"column":5}}],"line":17},"1":{"loc":{"start":{"line":17,"column":8},"end":{"line":17,"column":58}},"type":"binary-expr","locations":[{"start":{"line":17,"column":8},"end":{"line":17,"column":31}},{"start":{"line":17,"column":35},"end":{"line":17,"column":58}}],"line":17}},"s":{"0":1,"1":1,"2":1,"3":1,"4":1,"5":1,"6":1,"7":1,"8":1,"9":1,"10":1,"11":1,"12":2,"13":1,"14":1,"15":1,"16":1,"17":1,"18":1,"19":1,"20":1,"21":1,"22":1,"23":1,"24":1},"f":{"0":2,"1":1,"2":1},"b":{"0":[1,1],"1":[2,2]},"_coverageSchema":"1a1c01bbd47fc00a2c39e90264f33305004495a9","hash":"6f75fb031af26f3fb09fb042dc98d6b1f910f057"}
,"/home/niveus/Documents/node3/logger.js": {"path":"/home/niveus/Documents/node3/logger.js","statementMap":{"0":{"start":{"line":1,"column":40},"end":{"line":1,"column":58}},"1":{"start":{"line":3,"column":14},"end":{"line":13,"column":2}},"2":{"start":{"line":15,"column":0},"end":{"line":15,"column":23}}},"fnMap":{},"branchMap":{},"s":{"0":1,"1":1,"2":1},"f":{},"b":{},"_coverageSchema":"1a1c01bbd47fc00a2c39e90264f33305004495a9","hash":"ea327d481942a19e6de2f4f0d09405ee30569c85"}
,"/home/niveus/Documents/node3/routes.js": {"path":"/home/niveus/Documents/node3/routes.js","statementMap":{"0":{"start":{"line":2,"column":17},"end":{"line":2,"column":36}},"1":{"start":{"line":5,"column":10},"end":{"line":5,"column":29}},"2":{"start":{"line":6,"column":13},"end":{"line":6,"column":32}},"3":{"start":{"line":10,"column":0},"end":{"line":14,"column":50}},"4":{"start":{"line":14,"column":11},"end":{"line":14,"column":49}},"5":{"start":{"line":17,"column":17},"end":{"line":19,"column":2}},"6":{"start":{"line":22,"column":11},"end":{"line":22,"column":48}},"7":{"start":{"line":26,"column":0},"end":{"line":32,"column":1}},"8":{"start":{"line":27,"column":4},"end":{"line":27,"column":32}},"9":{"start":{"line":28,"column":4},"end":{"line":31,"column":6}},"10":{"start":{"line":29,"column":8},"end":{"line":29,"column":44}},"11":{"start":{"line":30,"column":8},"end":{"line":30,"column":42}},"12":{"start":{"line":36,"column":0},"end":{"line":48,"column":1}},"13":{"start":{"line":37,"column":4},"end":{"line":37,"column":67}},"14":{"start":{"line":38,"column":4},"end":{"line":46,"column":5}},"15":{"start":{"line":39,"column":8},"end":{"line":39,"column":50}},"16":{"start":{"line":42,"column":20},"end":{"line":42,"column":47}},"17":{"start":{"line":44,"column":8},"end":{"line":44,"column":44}},"18":{"start":{"line":45,"column":8},"end":{"line":45,"column":39}},"19":{"start":{"line":51,"column":0},"end":{"line":62,"column":1}},"20":{"start":{"line":52,"column":4},"end":{"line":52,"column":57}},"21":{"start":{"line":53,"column":4},"end":{"line":61,"column":6}},"22":{"start":{"line":54,"column":8},"end":{"line":54,"column":44}},"23":{"start":{"line":55,"column":8},"end":{"line":60,"column":9}},"24":{"start":{"line":56,"column":12},"end":{"line":56,"column":53}},"25":{"start":{"line":59,"column":12},"end":{"line":59,"column":30}},"26":{"start":{"line":68,"column":0},"end":{"line":90,"column":1}},"27":{"start":{"line":69,"column":4},"end":{"line":69,"column":70}},"28":{"start":{"line":71,"column":4},"end":{"line":89,"column":5}},"29":{"start":{"line":72,"column":8},"end":{"line":72,"column":49}},"30":{"start":{"line":75,"column":8},"end":{"line":85,"column":14}},"31":{"start":{"line":80,"column":29},"end":{"line":80,"column":33}},"32":{"start":{"line":81,"column":24},"end":{"line":83,"column":25}},"33":{"start":{"line":82,"column":28},"end":{"line":82,"column":37}},"34":{"start":{"line":82,"column":32},"end":{"line":82,"column":37}},"35":{"start":{"line":84,"column":20},"end":{"line":84,"column":44}},"36":{"start":{"line":94,"column":0},"end":{"line":114,"column":1}},"37":{"start":{"line":95,"column":4},"end":{"line":95,"column":44}},"38":{"start":{"line":97,"column":4},"end":{"line":108,"column":41}},"39":{"start":{"line":102,"column":25},"end":{"line":102,"column":29}},"40":{"start":{"line":103,"column":20},"end":{"line":105,"column":21}},"41":{"start":{"line":104,"column":24},"end":{"line":104,"column":33}},"42":{"start":{"line":104,"column":28},"end":{"line":104,"column":33}},"43":{"start":{"line":106,"column":16},"end":{"line":106,"column":59}},"44":{"start":{"line":108,"column":22},"end":{"line":108,"column":40}},"45":{"start":{"line":119,"column":0},"end":{"line":158,"column":1}},"46":{"start":{"line":120,"column":4},"end":{"line":120,"column":69}},"47":{"start":{"line":121,"column":4},"end":{"line":157,"column":5}},"48":{"start":{"line":122,"column":8},"end":{"line":122,"column":49}},"49":{"start":{"line":125,"column":9},"end":{"line":157,"column":5}},"50":{"start":{"line":126,"column":8},"end":{"line":126,"column":49}},"51":{"start":{"line":130,"column":8},"end":{"line":156,"column":14}},"52":{"start":{"line":153,"column":16},"end":{"line":153,"column":64}},"53":{"start":{"line":154,"column":16},"end":{"line":154,"column":52}},"54":{"start":{"line":155,"column":16},"end":{"line":155,"column":40}},"55":{"start":{"line":164,"column":0},"end":{"line":181,"column":1}},"56":{"start":{"line":165,"column":4},"end":{"line":165,"column":43}},"57":{"start":{"line":166,"column":4},"end":{"line":180,"column":41}},"58":{"start":{"line":178,"column":12},"end":{"line":178,"column":37}},"59":{"start":{"line":180,"column":22},"end":{"line":180,"column":40}}},"fnMap":{"0":{"name":"(anonymous_0)","decl":{"start":{"line":14,"column":6},"end":{"line":14,"column":7}},"loc":{"start":{"line":14,"column":11},"end":{"line":14,"column":49}},"line":14},"1":{"name":"(anonymous_1)","decl":{"start":{"line":26,"column":26},"end":{"line":26,"column":27}},"loc":{"start":{"line":26,"column":40},"end":{"line":32,"column":1}},"line":26},"2":{"name":"(anonymous_2)","decl":{"start":{"line":28,"column":21},"end":{"line":28,"column":22}},"loc":{"start":{"line":28,"column":32},"end":{"line":31,"column":5}},"line":28},"3":{"name":"(anonymous_3)","decl":{"start":{"line":36,"column":27},"end":{"line":36,"column":28}},"loc":{"start":{"line":36,"column":47},"end":{"line":48,"column":1}},"line":36},"4":{"name":"(anonymous_4)","decl":{"start":{"line":51,"column":25},"end":{"line":51,"column":26}},"loc":{"start":{"line":51,"column":45},"end":{"line":62,"column":1}},"line":51},"5":{"name":"(anonymous_5)","decl":{"start":{"line":53,"column":37},"end":{"line":53,"column":38}},"loc":{"start":{"line":53,"column":48},"end":{"line":61,"column":5}},"line":53},"6":{"name":"(anonymous_6)","decl":{"start":{"line":68,"column":28},"end":{"line":68,"column":29}},"loc":{"start":{"line":68,"column":48},"end":{"line":90,"column":1}},"line":68},"7":{"name":"(anonymous_7)","decl":{"start":{"line":78,"column":20},"end":{"line":78,"column":21}},"loc":{"start":{"line":78,"column":29},"end":{"line":85,"column":13}},"line":78},"8":{"name":"(anonymous_8)","decl":{"start":{"line":94,"column":34},"end":{"line":94,"column":35}},"loc":{"start":{"line":94,"column":54},"end":{"line":114,"column":1}},"line":94},"9":{"name":"(anonymous_9)","decl":{"start":{"line":100,"column":16},"end":{"line":100,"column":17}},"loc":{"start":{"line":100,"column":25},"end":{"line":107,"column":9}},"line":100},"10":{"name":"(anonymous_10)","decl":{"start":{"line":108,"column":15},"end":{"line":108,"column":16}},"loc":{"start":{"line":108,"column":22},"end":{"line":108,"column":40}},"line":108},"11":{"name":"(anonymous_11)","decl":{"start":{"line":119,"column":28},"end":{"line":119,"column":29}},"loc":{"start":{"line":119,"column":48},"end":{"line":158,"column":1}},"line":119},"12":{"name":"(anonymous_12)","decl":{"start":{"line":152,"column":19},"end":{"line":152,"column":20}},"loc":{"start":{"line":152,"column":28},"end":{"line":156,"column":13}},"line":152},"13":{"name":"(anonymous_13)","decl":{"start":{"line":164,"column":34},"end":{"line":164,"column":35}},"loc":{"start":{"line":164,"column":54},"end":{"line":181,"column":1}},"line":164},"14":{"name":"(anonymous_14)","decl":{"start":{"line":177,"column":16},"end":{"line":177,"column":17}},"loc":{"start":{"line":177,"column":25},"end":{"line":179,"column":9}},"line":177},"15":{"name":"(anonymous_15)","decl":{"start":{"line":180,"column":15},"end":{"line":180,"column":16}},"loc":{"start":{"line":180,"column":22},"end":{"line":180,"column":40}},"line":180}},"branchMap":{"0":{"loc":{"start":{"line":38,"column":4},"end":{"line":46,"column":5}},"type":"if","locations":[{"start":{"line":38,"column":4},"end":{"line":46,"column":5}},{"start":{"line":41,"column":8},"end":{"line":46,"column":5}}],"line":38},"1":{"loc":{"start":{"line":55,"column":8},"end":{"line":60,"column":9}},"type":"if","locations":[{"start":{"line":55,"column":8},"end":{"line":60,"column":9}},{"start":{"line":58,"column":12},"end":{"line":60,"column":9}}],"line":55},"2":{"loc":{"start":{"line":71,"column":4},"end":{"line":89,"column":5}},"type":"if","locations":[{"start":{"line":71,"column":4},"end":{"line":89,"column":5}},{"start":{"line":74,"column":8},"end":{"line":89,"column":5}}],"line":71},"3":{"loc":{"start":{"line":71,"column":7},"end":{"line":71,"column":46}},"type":"binary-expr","locations":[{"start":{"line":71,"column":7},"end":{"line":71,"column":25}},{"start":{"line":71,"column":29},"end":{"line":71,"column":46}}],"line":71},"4":{"loc":{"start":{"line":81,"column":24},"end":{"line":83,"column":25}},"type":"if","locations":[{"start":{"line":81,"column":24},"end":{"line":83,"column":25}},{"start":{},"end":{}}],"line":81},"5":{"loc":{"start":{"line":103,"column":20},"end":{"line":105,"column":21}},"type":"if","locations":[{"start":{"line":103,"column":20},"end":{"line":105,"column":21}},{"start":{},"end":{}}],"line":103},"6":{"loc":{"start":{"line":121,"column":4},"end":{"line":157,"column":5}},"type":"if","locations":[{"start":{"line":121,"column":4},"end":{"line":157,"column":5}},{"start":{"line":125,"column":9},"end":{"line":157,"column":5}}],"line":121},"7":{"loc":{"start":{"line":121,"column":7},"end":{"line":121,"column":46}},"type":"binary-expr","locations":[{"start":{"line":121,"column":7},"end":{"line":121,"column":25}},{"start":{"line":121,"column":29},"end":{"line":121,"column":46}}],"line":121},"8":{"loc":{"start":{"line":125,"column":9},"end":{"line":157,"column":5}},"type":"if","locations":[{"start":{"line":125,"column":9},"end":{"line":157,"column":5}},{"start":{"line":128,"column":8},"end":{"line":157,"column":5}}],"line":125}},"s":{"0":1,"1":1,"2":1,"3":1,"4":1,"5":1,"6":1,"7":1,"8":1,"9":1,"10":1,"11":1,"12":1,"13":2,"14":2,"15":1,"16":1,"17":1,"18":1,"19":1,"20":2,"21":2,"22":2,"23":2,"24":1,"25":1,"26":1,"27":2,"28":2,"29":2,"30":0,"31":0,"32":0,"33":0,"34":0,"35":0,"36":1,"37":0,"38":0,"39":0,"40":0,"41":0,"42":0,"43":0,"44":0,"45":1,"46":3,"47":3,"48":1,"49":2,"50":1,"51":1,"52":1,"53":1,"54":1,"55":1,"56":0,"57":0,"58":0,"59":0},"f":{"0":1,"1":1,"2":1,"3":2,"4":2,"5":2,"6":2,"7":0,"8":0,"9":0,"10":0,"11":3,"12":1,"13":0,"14":0,"15":0},"b":{"0":[1,1],"1":[1,1],"2":[2,0],"3":[2,2],"4":[0,0],"5":[0,0],"6":[1,2],"7":[3,1],"8":[1,1]},"_coverageSchema":"1a1c01bbd47fc00a2c39e90264f33305004495a9","hash":"297191c7cedde10289fa2f9b4b4d50a5f11fc17a"}
,"/home/niveus/Documents/node3/secret.js": {"path":"/home/niveus/Documents/node3/secret.js","statementMap":{"0":{"start":{"line":1,"column":13},"end":{"line":1,"column":30}},"1":{"start":{"line":4,"column":0},"end":{"line":4,"column":37}},"2":{"start":{"line":5,"column":11},"end":{"line":5,"column":31}},"3":{"start":{"line":7,"column":0},"end":{"line":7,"column":20}}},"fnMap":{},"branchMap":{},"s":{"0":1,"1":1,"2":1,"3":1},"f":{},"b":{},"_coverageSchema":"1a1c01bbd47fc00a2c39e90264f33305004495a9","hash":"075db2f0647f09b6f2d87769d6e07a2a89a2517c"}
}
