TN:
SF:app.js
FN:16,(anonymous_0)
FN:194,(anonymous_1)
FN:200,(anonymous_2)
FNF:3
FNH:3
FNDA:2,(anonymous_0)
FNDA:1,(anonymous_1)
FNDA:1,(anonymous_2)
DA:1,1
DA:2,1
DA:3,1
DA:4,1
DA:5,1
DA:6,1
DA:7,1
DA:8,1
DA:11,1
DA:12,1
DA:13,1
DA:16,1
DA:17,2
DA:18,1
DA:20,1
DA:24,1
DA:38,1
DA:39,1
DA:91,1
DA:178,1
DA:194,1
DA:195,1
DA:200,1
DA:201,1
DA:206,1
LF:25
LH:25
BRDA:17,0,0,1
BRDA:17,0,1,1
BRDA:17,1,0,2
BRDA:17,1,1,2
BRF:4
BRH:4
end_of_record
TN:
SF:logger.js
FNF:0
FNH:0
DA:1,1
DA:3,1
DA:15,1
LF:3
LH:3
BRF:0
BRH:0
end_of_record
TN:
SF:routes.js
FN:14,(anonymous_0)
FN:26,(anonymous_1)
FN:28,(anonymous_2)
FN:36,(anonymous_3)
FN:51,(anonymous_4)
FN:53,(anonymous_5)
FN:68,(anonymous_6)
FN:78,(anonymous_7)
FN:94,(anonymous_8)
FN:100,(anonymous_9)
FN:108,(anonymous_10)
FN:119,(anonymous_11)
FN:152,(anonymous_12)
FN:164,(anonymous_13)
FN:177,(anonymous_14)
FN:180,(anonymous_15)
FNF:16
FNH:9
FNDA:1,(anonymous_0)
FNDA:1,(anonymous_1)
FNDA:1,(anonymous_2)
FNDA:2,(anonymous_3)
FNDA:2,(anonymous_4)
FNDA:2,(anonymous_5)
FNDA:2,(anonymous_6)
FNDA:0,(anonymous_7)
FNDA:0,(anonymous_8)
FNDA:0,(anonymous_9)
FNDA:0,(anonymous_10)
FNDA:3,(anonymous_11)
FNDA:1,(anonymous_12)
FNDA:0,(anonymous_13)
FNDA:0,(anonymous_14)
FNDA:0,(anonymous_15)
DA:2,1
DA:5,1
DA:6,1
DA:10,1
DA:14,1
DA:17,1
DA:22,1
DA:26,1
DA:27,1
DA:28,1
DA:29,1
DA:30,1
DA:36,1
DA:37,2
DA:38,2
DA:39,1
DA:42,1
DA:44,1
DA:45,1
DA:51,1
DA:52,2
DA:53,2
DA:54,2
DA:55,2
DA:56,1
DA:59,1
DA:68,1
DA:69,2
DA:71,2
DA:72,2
DA:75,0
DA:80,0
DA:81,0
DA:82,0
DA:84,0
DA:94,1
DA:95,0
DA:97,0
DA:102,0
DA:103,0
DA:104,0
DA:106,0
DA:108,0
DA:119,1
DA:120,3
DA:121,3
DA:122,1
DA:125,2
DA:126,1
DA:130,1
DA:153,1
DA:154,1
DA:155,1
DA:164,1
DA:165,0
DA:166,0
DA:178,0
DA:180,0
LF:58
LH:42
BRDA:38,0,0,1
BRDA:38,0,1,1
BRDA:55,1,0,1
BRDA:55,1,1,1
BRDA:71,2,0,2
BRDA:71,2,1,0
BRDA:71,3,0,2
BRDA:71,3,1,2
BRDA:81,4,0,0
BRDA:81,4,1,0
BRDA:103,5,0,0
BRDA:103,5,1,0
BRDA:121,6,0,1
BRDA:121,6,1,2
BRDA:121,7,0,3
BRDA:121,7,1,1
BRDA:125,8,0,1
BRDA:125,8,1,1
BRF:18
BRH:13
end_of_record
TN:
SF:secret.js
FNF:0
FNH:0
DA:1,1
DA:4,1
DA:5,1
DA:7,1
LF:4
LH:4
BRF:0
BRH:0
end_of_record
