TN:
SF:app.js
FN:16,(anonymous_0)
FN:194,(anonymous_1)
FN:200,(anonymous_2)
FNF:3
FNH:3
FNDA:2,(anonymous_0)
FNDA:1,(anonymous_1)
FNDA:1,(anonymous_2)
DA:1,1
DA:2,1
DA:3,1
DA:4,1
DA:5,1
DA:6,1
DA:7,1
DA:8,1
DA:11,1
DA:12,1
DA:13,1
DA:16,1
DA:17,2
DA:18,1
DA:20,1
DA:24,1
DA:38,1
DA:39,1
DA:91,1
DA:178,1
DA:194,1
DA:195,1
DA:200,1
DA:201,1
DA:206,1
LF:25
LH:25
BRDA:17,0,0,1
BRDA:17,0,1,1
BRDA:17,1,0,2
BRDA:17,1,1,2
BRF:4
BRH:4
end_of_record
TN:
SF:logger.js
FNF:0
FNH:0
DA:1,1
DA:3,1
DA:15,1
LF:3
LH:3
BRF:0
BRH:0
end_of_record
TN:
SF:routes.js
FN:14,(anonymous_0)
FN:27,(anonymous_1)
FN:29,(anonymous_2)
FN:37,(anonymous_3)
FN:52,(anonymous_4)
FN:55,(anonymous_5)
FN:66,(anonymous_6)
FN:72,(anonymous_7)
FN:85,(anonymous_8)
FN:91,(anonymous_9)
FN:99,(anonymous_10)
FN:110,(anonymous_11)
FN:126,(anonymous_12)
FN:144,(anonymous_13)
FN:157,(anonymous_14)
FN:161,(anonymous_15)
FNF:16
FNH:5
FNDA:0,(anonymous_0)
FNDA:1,(anonymous_1)
FNDA:0,(anonymous_2)
FNDA:2,(anonymous_3)
FNDA:2,(anonymous_4)
FNDA:0,(anonymous_5)
FNDA:0,(anonymous_6)
FNDA:0,(anonymous_7)
FNDA:0,(anonymous_8)
FNDA:0,(anonymous_9)
FNDA:0,(anonymous_10)
FNDA:1,(anonymous_11)
FNDA:1,(anonymous_12)
FNDA:0,(anonymous_13)
FNDA:0,(anonymous_14)
FNDA:0,(anonymous_15)
DA:2,1
DA:5,1
DA:6,1
DA:10,1
DA:14,0
DA:17,1
DA:21,1
DA:27,1
DA:28,1
DA:29,1
DA:30,0
DA:31,0
DA:37,1
DA:38,2
DA:39,2
DA:40,0
DA:43,2
DA:45,0
DA:46,0
DA:52,1
DA:53,2
DA:55,2
DA:57,0
DA:58,0
DA:66,1
DA:67,0
DA:69,0
DA:74,0
DA:75,0
DA:76,0
DA:78,0
DA:85,1
DA:86,0
DA:88,0
DA:93,0
DA:94,0
DA:95,0
DA:97,0
DA:99,0
DA:110,1
DA:114,1
DA:115,1
DA:128,1
DA:130,0
DA:131,0
DA:133,0
DA:144,1
DA:145,0
DA:146,0
DA:159,0
DA:161,0
LF:51
LH:23
BRDA:39,0,0,0
BRDA:39,0,1,2
BRDA:75,1,0,0
BRDA:75,1,1,0
BRDA:94,2,0,0
BRDA:94,2,1,0
BRDA:128,3,0,1
BRDA:128,3,1,0
BRF:8
BRH:2
end_of_record
TN:
SF:secret.js
FNF:0
FNH:0
DA:1,1
DA:4,1
DA:5,1
DA:7,1
LF:4
LH:4
BRF:0
BRH:0
end_of_record
